2024-06-05T08:56:16  fix: handle empty input gracefully
2024-07-12T15:13:23  perf: micro-optimization
2024-07-25T10:30:30  style: formatting
2024-08-15T17:47:37  chore: bump dev tooling
2024-09-21T12:04:44  docs: expand examples
2024-10-12T19:21:51  test: strengthen coverage
2024-10-25T14:38:58  chore: tune defaults
2024-12-09T09:55:05  refactor: simplify helper
2024-12-22T16:12:12  chore: routine maintenance
2025-01-12T11:29:19  docs: clarify usage notes
2025-02-18T18:46:26  test: add edge case
2025-03-11T13:03:33  refactor: tidy internals
2025-03-24T08:20:40  fix: handle empty input gracefully
2025-05-08T15:37:47  perf: micro-optimization
2025-05-21T10:54:54  style: formatting
2025-06-11T17:11:01  chore: bump dev tooling
2025-07-18T12:28:08  docs: expand examples
2025-08-07T19:45:15  test: strengthen coverage
2025-08-21T14:02:22  chore: tune defaults
2025-09-27T09:19:29  refactor: simplify helper
2025-10-18T16:36:36  chore: routine maintenance
2025-10-31T11:53:43  docs: clarify usage notes
2025-11-21T18:10:50  test: add edge case
2025-12-28T13:27:57  refactor: tidy internals
2026-01-18T08:44:04  fix: handle empty input gracefully
2026-02-24T15:01:11  perf: micro-optimization
2026-03-17T10:18:18  style: formatting
2026-03-30T17:35:25  chore: bump dev tooling
2026-04-20T12:52:32  docs: expand examples
2026-05-27T19:09:39  test: strengthen coverage
2024-08-01T08:56:16  docs: expand examples
2024-12-03T15:13:23  test: strengthen coverage
2025-01-10T10:30:30  chore: tune defaults
2025-04-28T17:47:37  chore: NULLBYTE nightly sweep
2025-08-31T12:04:44  feat: ARCHON signed off on this
2025-09-21T19:21:51  chore: feed the FOUNDRY
2026-01-24T14:38:58  chore: IRONCLAD hardening pass
2026-05-12T09:55:05  chore: ATHENA-PRIME calibration
